; This is the Calva REPL Window.
; It's just a file, really, with some special treatment from Calva.
; Use it as a REPL input prompt if you like. (When the REPL is connected.)
; TIPS: The keyboard shortcut `ctrl+alt+o r` shows and focuses this window
; Please see https://calva.io/repl-window/ for more info.
; Happy coding! ‚ô•Ô∏è

; TIPS: As with any Clojure file when the REPL is connected:
; - `alt+enter` evaluates the current top level form.
; - `ctrl+enter` evaluates the current form.
; Special for this file:
; - `alt+up` and `alt+down` traverse up and down the REPL command history
;    when the cursor is after the last contents at the prompt
; 
; See also the Calva Inspector: https://calva.io/inspector/

PLEASE NOTE
We will update the default location of this file.
The new default location will be
  "<projectRootPath>/.calva/repl.calva-repl"
For now the legacy path is used by default.
To give yourself a smooth transition, you can opt in
to the change, by configuring this setting as false:
  "calva.useLegacyReplWindowPath"
and then add "**/.calva/repl.calva-repl" to your ".gitignore" file.


This file is configured as the output destination for all REPL output.
You can configure this with the setting:
  "calva.outputDestinations"


; Jacking in...
; TypeError: Cannot read properties of undefined (reading 'label')
; Aborting jack-in.
; Jacking in...
; Connecting using "Leiningen" project type.
; You can make Calva auto-select this.
;   - See https://calva.io/connect-sequences/
; 

; Starting Jack-in: (cd /Users/yasuki.okuyama/dev/transportation-app; lein update-in :dependencies conj '[nrepl,"1.5.1"]' -- update-in :plugins conj '[cider/cider-nrepl,"0.58.0"]' -- update-in '[:repl-options,:nrepl-middleware]' conj '["cider.nrepl/cider-middleware"]' -- repl :headless)
; Using host:port 127.0.0.1:55481 ...
; Hooking up nREPL sessions ...
; Connected session: clj
; Evaluating code from settings: 'calva.autoEvaluateCode.onConnect.clj'
nil
cljÍûâtransportation-app.coreÍûâ>¬†
"Please see https://calva.io/output/#about-stdout-in-the-repl-window
about why stdout printed to this file is prepended with `;` to be line comments."
cljÍûâtransportation-app.coreÍûâ>¬†
; Jack-in done.
cljÍûâtransportation-app.coreÍûâ>¬†
nil
cljÍûâtransportation-app.domain.order-testÍûâ>¬†
; Syntax error compiling at (test/transportation_app/domain/order_test.clj:10:20).
; No such var: order/can-cancel-order?
cljÍûâtransportation-app.domain.order-testÍûâ>¬†
#'transportation-app.domain.order/can-cancel-order?
cljÍûâtransportation-app.domain.orderÍûâ>¬†
#'transportation-app.domain.order-test/can-cancel-order?-test
cljÍûâtransportation-app.domain.order-testÍûâ>¬†
; Running tests for the following namespaces:
;   transportation-app.domain.order-test
;   transportation-app.domain.order

; ERROR in transportation-app.domain.order-test/can-cancel-order?-test (Var.java:10):
; Uncaught exception, not in assertion
; error: java.lang.IllegalStateException: Attempting to call unbound fn: #'matcher-combinators.test/match? (Var.java:10)
; 1 tests finished, problems found. üò≠ errors: 1, failures: 0, ns: 1, vars: 1
cljÍûâtransportation-app.domain.order-testÍûâ>¬†
#'transportation-app.domain.order-test/can-cancel-order?-test
cljÍûâtransportation-app.domain.order-testÍûâ>¬†
; Running tests for the following namespaces:
;   transportation-app.domain.order-test
;   transportation-app.domain.order

; 1 tests finished, all passing üëç, ns: 1, vars: 1
cljÍûâtransportation-app.domain.order-testÍûâ>¬†
#'transportation-app.domain.order-test/can-cancel-order?-test
cljÍûâtransportation-app.domain.order-testÍûâ>¬†
; Running tests for the following namespaces:
;   transportation-app.domain.order-test
;   transportation-app.domain.order

; 1 tests finished, all passing üëç, ns: 1, vars: 1
cljÍûâtransportation-app.domain.order-testÍûâ>¬†
#'transportation-app.domain.order-test/can-cancel-order?-test
cljÍûâtransportation-app.domain.order-testÍûâ>¬†
; Running tests for the following namespaces:
;   transportation-app.domain.order-test
;   transportation-app.domain.order

; FAIL in transportation-app.domain.order-test/can-cancel-order?-test (order_test.clj:13):
; ÈÖçÈÅî‰∏≠„ÅÆÊ≥®Êñá„ÅØ„Ç≠„É£„É≥„Çª„É´‰∏çÂèØ
; expected:
(false? (order/can-cancel-order? order))

; actual:
(not (false? true))

; 2 tests finished, problems found. üò≠ errors: 0, failures: 1, ns: 1, vars: 1
cljÍûâtransportation-app.domain.order-testÍûâ>¬†
#'transportation-app.domain.order-test/can-cancel-order?-test
cljÍûâtransportation-app.domain.order-testÍûâ>¬†
; Running tests for the following namespaces:
;   transportation-app.domain.order-test
;   transportation-app.domain.order

; FAIL in transportation-app.domain.order-test/can-cancel-order?-test (order_test.clj:13):
; ÈÖçÈÅî‰∏≠„ÅÆÊ≥®Êñá„ÅØ„Ç≠„É£„É≥„Çª„É´‰∏çÂèØ
; expected:
(false? (order/can-cancel-order? order))

; actual:
(not (false? true))

; 2 tests finished, problems found. üò≠ errors: 0, failures: 1, ns: 1, vars: 1
cljÍûâtransportation-app.domain.order-testÍûâ>¬†
#'transportation-app.domain.order/can-cancel-order?
cljÍûâtransportation-app.domain.orderÍûâ>¬†
; Running tests for the following namespaces:
;   transportation-app.domain.order
;   transportation-app.domain.order-test

; 2 tests finished, all passing üëç, ns: 1, vars: 1
cljÍûâtransportation-app.domain.orderÍûâ>¬†
#'transportation-app.domain.order-test/can-cancel-order?-test
cljÍûâtransportation-app.domain.order-testÍûâ>¬†
; Running tests for the following namespaces:
;   transportation-app.domain.order-test
;   transportation-app.domain.order

; FAIL in transportation-app.domain.order-test/can-cancel-order?-test (order_test.clj:13):
; ÈÖçÈÅîÊ•≠„ÇÑÂâ≤„ÇäÂΩì„Å¶Ê∏à„Åø„ÅÆÊ≥®Êñá„ÅØ„Ç≠„É£„É≥„Çª„É´ÂèØËÉΩ
; expected:
(true? (order/can-cancel-order? order))

; actual:
(not (true? false))

; 3 tests finished, problems found. üò≠ errors: 0, failures: 1, ns: 1, vars: 1
cljÍûâtransportation-app.domain.order-testÍûâ>¬†
false
cljÍûâtransportation-app.domain.order-testÍûâ>¬†
true
cljÍûâtransportation-app.domain.order-testÍûâ>¬†
false
cljÍûâtransportation-app.domain.order-testÍûâ>¬†
#'transportation-app.domain.order/can-cancel-order?
cljÍûâtransportation-app.domain.orderÍûâ>¬†
; Running tests for the following namespaces:
;   transportation-app.domain.order
;   transportation-app.domain.order-test

; 3 tests finished, all passing üëç, ns: 1, vars: 1
cljÍûâtransportation-app.domain.orderÍûâ>¬†
#'transportation-app.domain.order-test/can-cancel-order?-test
cljÍûâtransportation-app.domain.order-testÍûâ>¬†
; Running tests for the following namespaces:
;   transportation-app.domain.order-test
;   transportation-app.domain.order

; 5 tests finished, all passing üëç, ns: 1, vars: 1
cljÍûâtransportation-app.domain.order-testÍûâ>¬†
#'transportation-app.domain.order-test/can-cancel-order?-test
cljÍûâtransportation-app.domain.order-testÍûâ>¬†
; Running tests for the following namespaces:
;   transportation-app.domain.order-test
;   transportation-app.domain.order

; 5 tests finished, all passing üëç, ns: 1, vars: 1
cljÍûâtransportation-app.domain.order-testÍûâ>¬†
#'transportation-app.domain.order-test/can-cancel-order?-test
cljÍûâtransportation-app.domain.order-testÍûâ>¬†
#'transportation-app.domain.order/validate-order
cljÍûâtransportation-app.domain.orderÍûâ>¬†
#'transportation-app.domain.order-test/validate-order-test
cljÍûâtransportation-app.domain.order-testÍûâ>¬†
; Running tests for the following namespaces:
;   transportation-app.domain.order-test
;   transportation-app.domain.order

; 6 tests finished, all passing üëç, ns: 1, vars: 2
cljÍûâtransportation-app.domain.order-testÍûâ>¬†
#'transportation-app.domain.order/validate-order
cljÍûâtransportation-app.domain.orderÍûâ>¬†
#'transportation-app.domain.order-test/validate-order-test
cljÍûâtransportation-app.domain.order-testÍûâ>¬†
; Running tests for the following namespaces:
;   transportation-app.domain.order-test
;   transportation-app.domain.order

; FAIL in transportation-app.domain.order-test/validate-order-test (order_test.clj:30):
; Ê≠£Â∏∏„Å≠Ê≥®Êñá„ÅØ„Éê„É™„Éá„Éº„Ç∑„Éß„É≥ÊàêÂäü
; expected:
(match? {:valid true} (order/validate-order order))

; actual:
{:valid (mismatch (expected true) (actual false))}

; 6 tests finished, problems found. üò≠ errors: 0, failures: 1, ns: 1, vars: 2
cljÍûâtransportation-app.domain.order-testÍûâ>¬†
#'transportation-app.domain.order/validate-order
cljÍûâtransportation-app.domain.orderÍûâ>¬†
; Running tests for the following namespaces:
;   transportation-app.domain.order-test
;   transportation-app.domain.order

; 6 tests finished, all passing üëç, ns: 1, vars: 2
cljÍûâtransportation-app.domain.order-testÍûâ>¬†
#'transportation-app.domain.order/validate-order
cljÍûâtransportation-app.domain.orderÍûâ>¬†
; Running tests for the following namespaces:
;   transportation-app.domain.order
;   transportation-app.domain.order-test

; #atom[[]]
; 6 tests finished, all passing üëç, ns: 1, vars: 2
cljÍûâtransportation-app.domain.orderÍûâ>¬†
#'transportation-app.domain.order/validate-order
cljÍûâtransportation-app.domain.orderÍûâ>¬†
; Running tests for the following namespaces:
;   transportation-app.domain.order
;   transportation-app.domain.order-test

; []
; 6 tests finished, all passing üëç, ns: 1, vars: 2
cljÍûâtransportation-app.domain.orderÍûâ>¬†
#'transportation-app.domain.order-test/validate-order-test
cljÍûâtransportation-app.domain.order-testÍûâ>¬†
; Running tests for the following namespaces:
;   transportation-app.domain.order-test
;   transportation-app.domain.order

; []
; [ÈÖçÈÄÅÂÖÉ„Å®ÈÖçÈÄÅÂÖà„ÅåÂêå„Åò‰ΩèÊâÄ„Åß„Åô]
; 7 tests finished, all passing üëç, ns: 1, vars: 2
cljÍûâtransportation-app.domain.order-testÍûâ>¬†
#'transportation-app.domain.order/validate-order
cljÍûâtransportation-app.domain.orderÍûâ>¬†
; Syntax error compiling at (test/transportation_app/domain/order_test.clj:47:19).
; Unable to resolve symbol: inst in this context
cljÍûâtransportation-app.domain.order-testÍûâ>¬†
#'transportation-app.domain.order-test/validate-order-test
cljÍûâtransportation-app.domain.order-testÍûâ>¬†
; Running tests for the following namespaces:
;   transportation-app.domain.order-test
;   transportation-app.domain.order

; 7 tests finished, all passing üëç, ns: 1, vars: 2
cljÍûâtransportation-app.domain.order-testÍûâ>¬†
#'transportation-app.domain.order-test/validate-order-test
cljÍûâtransportation-app.domain.order-testÍûâ>¬†
; Running tests for the following namespaces:
;   transportation-app.domain.order-test
;   transportation-app.domain.order

; ERROR in transportation-app.domain.order-test/validate-order-test (AFn.java:31):
; Ê≠£Â∏∏„Å™Ê≥®Êñá„ÅØ„Éê„É™„Éá„Éº„Ç∑„Éß„É≥ÊàêÂäü
; error: clojure.lang.ArityException: Wrong number of args (2) passed to: transportation-app.domain.order/validate-order (AFn.java:31)
; expected:
(match?
 {:valid true}
 (order/validate-order order #inst "2024-01-01T10:00:00.000-00:00"))

; ERROR in transportation-app.domain.order-test/validate-order-test (AFn.java:39):
; ÈÖçÈÄÅÂÖÉ„Å®ÈÖçÈÄÅÂÖà„ÅåÂêå„ÅòÂ†¥Âêà„ÅØ„Ç®„É©„Éº
; error: clojure.lang.ArityException: Wrong number of args (2) passed to: transportation-app.domain.order/validate-order (AFn.java:39)
; expected:
(match?
 {:errors ["ÈÖçÈÄÅÂÖÉ„Å®ÈÖçÈÄÅÂÖà„ÅåÂêå„Åò‰ΩèÊâÄ„Åß„Åô"], :valid false}
 (order/validate-order order #inst "2024-01-01T10:00:00.000-00:00"))

; 7 tests finished, problems found. üò≠ errors: 2, failures: 0, ns: 1, vars: 2
cljÍûâtransportation-app.domain.order-testÍûâ>¬†
#'transportation-app.domain.order/validate-order
cljÍûâtransportation-app.domain.orderÍûâ>¬†
#'transportation-app.domain.order-test/validate-order-test
cljÍûâtransportation-app.domain.order-testÍûâ>¬†
; Running tests for the following namespaces:
;   transportation-app.domain.order-test
;   transportation-app.domain.order

; 7 tests finished, all passing üëç, ns: 1, vars: 2
cljÍûâtransportation-app.domain.order-testÍûâ>¬†
#'transportation-app.domain.order-test/validate-order-test
cljÍûâtransportation-app.domain.order-testÍûâ>¬†
; Running tests for the following namespaces:
;   transportation-app.domain.order-test
;   transportation-app.domain.order

; FAIL in transportation-app.domain.order-test/validate-order-test (order_test.clj:45):
; Â∏åÊúõÈÖçÈÅîÊó•ÊôÇ„ÅåÈÅéÂéª„ÅÆÂ†¥Âêà„ÅØ„Ç®„É©„Éº
; expected:
(match?
 {:errors ["Â∏åÊúõÈÖçÈÅîÊó•ÊôÇ„ÅØÁèæÂú®ÊôÇÂàª„Çà„ÇäÊú™Êù•„Åß„ÅÇ„ÇãÂøÖË¶Å„Åå„ÅÇ„Çä„Åæ„Åô"], :valid false}
 (order/validate-order order #inst "2024-01-01T10:00:00.000-00:00"))

; actual:
{:errors
 [(mismatch
   (expected Â∏åÊúõÈÖçÈÅîÊó•ÊôÇ„ÅØÁèæÂú®ÊôÇÂàª„Çà„ÇäÊú™Êù•„Åß„ÅÇ„ÇãÂøÖË¶Å„Åå„ÅÇ„Çä„Åæ„Åô)
   (actual ÈÖçÈÄÅÂÖÉ„Å®ÈÖçÈÄÅÂÖà„ÅåÂêå„Åò‰ΩèÊâÄ„Åß„Åô))],
 :valid false}

; 8 tests finished, problems found. üò≠ errors: 0, failures: 1, ns: 1, vars: 2
cljÍûâtransportation-app.domain.order-testÍûâ>¬†
#'transportation-app.domain.order-test/validate-order-test
cljÍûâtransportation-app.domain.order-testÍûâ>¬†
; Running tests for the following namespaces:
;   transportation-app.domain.order-test
;   transportation-app.domain.order

; FAIL in transportation-app.domain.order-test/validate-order-test (order_test.clj:45):
; Â∏åÊúõÈÖçÈÅîÊó•ÊôÇ„ÅåÈÅéÂéª„ÅÆÂ†¥Âêà„ÅØ„Ç®„É©„Éº
; expected:
(match?
 {:errors ["Â∏åÊúõÈÖçÈÅîÊó•ÊôÇ„ÅØÁèæÂú®ÊôÇÂàª„Çà„ÇäÊú™Êù•„Åß„ÅÇ„ÇãÂøÖË¶Å„Åå„ÅÇ„Çä„Åæ„Åô"], :valid false}
 (order/validate-order order #inst "2024-01-01T10:00:00.000-00:00"))

; actual:
{:errors (missing [Â∏åÊúõÈÖçÈÅîÊó•ÊôÇ„ÅØÁèæÂú®ÊôÇÂàª„Çà„ÇäÊú™Êù•„Åß„ÅÇ„ÇãÂøÖË¶Å„Åå„ÅÇ„Çä„Åæ„Åô]),
 :valid (mismatch (expected false) (actual true))}

; 8 tests finished, problems found. üò≠ errors: 0, failures: 1, ns: 1, vars: 2
cljÍûâtransportation-app.domain.order-testÍûâ>¬†
#'transportation-app.domain.order/validate-order
cljÍûâtransportation-app.domain.orderÍûâ>¬†
; Running tests for the following namespaces:
;   transportation-app.domain.order
;   transportation-app.domain.order-test

; ERROR in transportation-app.domain.order-test/validate-order-test (Numbers.java:31):
; Ê≠£Â∏∏„Å™Ê≥®Êñá„ÅØ„Éê„É™„Éá„Éº„Ç∑„Éß„É≥ÊàêÂäü
; error: java.lang.ClassCastException: class java.util.Date cannot be cast to class java.lang.Number (java.util.Date and java.lang.Number are in module java.base of loader 'bootstrap') (Numbers.java:31)
; expected:
(match?
 {:valid true}
 (order/validate-order order #inst "2024-01-01T10:00:00.000-00:00"))

; ERROR in transportation-app.domain.order-test/validate-order-test (Numbers.java:39):
; ÈÖçÈÄÅÂÖÉ„Å®ÈÖçÈÄÅÂÖà„ÅåÂêå„ÅòÂ†¥Âêà„ÅØ„Ç®„É©„Éº
; error: java.lang.ClassCastException: class java.util.Date cannot be cast to class java.lang.Number (java.util.Date and java.lang.Number are in module java.base of loader 'bootstrap') (Numbers.java:39)
; expected:
(match?
 {:errors ["ÈÖçÈÄÅÂÖÉ„Å®ÈÖçÈÄÅÂÖà„ÅåÂêå„Åò‰ΩèÊâÄ„Åß„Åô"], :valid false}
 (order/validate-order order #inst "2024-01-01T10:00:00.000-00:00"))

; ERROR in transportation-app.domain.order-test/validate-order-test (Numbers.java:47):
; Â∏åÊúõÈÖçÈÅîÊó•ÊôÇ„ÅåÈÅéÂéª„ÅÆÂ†¥Âêà„ÅØ„Ç®„É©„Éº
; error: java.lang.ClassCastException: class java.util.Date cannot be cast to class java.lang.Number (java.util.Date and java.lang.Number are in module java.base of loader 'bootstrap') (Numbers.java:47)
; expected:
(match?
 {:errors ["Â∏åÊúõÈÖçÈÅîÊó•ÊôÇ„ÅØÁèæÂú®ÊôÇÂàª„Çà„ÇäÊú™Êù•„Åß„ÅÇ„ÇãÂøÖË¶Å„Åå„ÅÇ„Çä„Åæ„Åô"], :valid false}
 (order/validate-order order #inst "2024-01-01T10:00:00.000-00:00"))

; 8 tests finished, problems found. üò≠ errors: 3, failures: 0, ns: 1, vars: 2
cljÍûâtransportation-app.domain.orderÍûâ>¬†
true
cljÍûâtransportation-app.domain.orderÍûâ>¬†
false
cljÍûâtransportation-app.domain.orderÍûâ>¬†
#'transportation-app.domain.order/validate-order
cljÍûâtransportation-app.domain.orderÍûâ>¬†
; Running tests for the following namespaces:
;   transportation-app.domain.order
;   transportation-app.domain.order-test

; 8 tests finished, all passing üëç, ns: 1, vars: 2
cljÍûâtransportation-app.domain.orderÍûâ>¬†
#'transportation-app.domain.order/validate-order
cljÍûâtransportation-app.domain.orderÍûâ>¬†
#'transportation-app.domain.order-test/validate-order-test
cljÍûâtransportation-app.domain.order-testÍûâ>¬†
; Running tests for the following namespaces:
;   transportation-app.domain.order-test
;   transportation-app.domain.order

; 8 tests finished, all passing üëç, ns: 1, vars: 2
cljÍûâtransportation-app.domain.order-testÍûâ>¬†
